<?xml version="1.0" encoding="UTF-8"?>
<testsuite xmlns:xsi="http://www.w3.org/2001/XMLSchema-instance" xsi:noNamespaceSchemaLocation="https://maven.apache.org/surefire/maven-surefire-plugin/xsd/surefire-test-report.xsd" name="org.example.SpMyBatisApplicationTests" time="2.999" tests="9" errors="0" skipped="0" failures="0">
  <properties>
    <property name="java.specification.version" value="23"/>
    <property name="sun.jnu.encoding" value="UTF-8"/>
    <property name="java.class.path" value="/Users/SKRaua/Desktop/CODE/practice2506/demo/target/test-classes:/Users/SKRaua/Desktop/CODE/practice2506/demo/target/classes:/Users/SKRaua/.m2/repository/org/springframework/boot/spring-boot-starter-web/3.3.12/spring-boot-starter-web-3.3.12.jar:/Users/SKRaua/.m2/repository/org/springframework/boot/spring-boot-starter/3.3.12/spring-boot-starter-3.3.12.jar:/Users/SKRaua/.m2/repository/org/springframework/boot/spring-boot/3.3.12/spring-boot-3.3.12.jar:/Users/SKRaua/.m2/repository/org/springframework/boot/spring-boot-autoconfigure/3.3.12/spring-boot-autoconfigure-3.3.12.jar:/Users/SKRaua/.m2/repository/org/springframework/boot/spring-boot-starter-logging/3.3.12/spring-boot-starter-logging-3.3.12.jar:/Users/SKRaua/.m2/repository/ch/qos/logback/logback-classic/1.5.18/logback-classic-1.5.18.jar:/Users/SKRaua/.m2/repository/ch/qos/logback/logback-core/1.5.18/logback-core-1.5.18.jar:/Users/SKRaua/.m2/repository/org/apache/logging/log4j/log4j-to-slf4j/2.23.1/log4j-to-slf4j-2.23.1.jar:/Users/SKRaua/.m2/repository/org/apache/logging/log4j/log4j-api/2.23.1/log4j-api-2.23.1.jar:/Users/SKRaua/.m2/repository/org/slf4j/jul-to-slf4j/2.0.17/jul-to-slf4j-2.0.17.jar:/Users/SKRaua/.m2/repository/jakarta/annotation/jakarta.annotation-api/2.1.1/jakarta.annotation-api-2.1.1.jar:/Users/SKRaua/.m2/repository/org/yaml/snakeyaml/2.2/snakeyaml-2.2.jar:/Users/SKRaua/.m2/repository/org/springframework/boot/spring-boot-starter-json/3.3.12/spring-boot-starter-json-3.3.12.jar:/Users/SKRaua/.m2/repository/com/fasterxml/jackson/core/jackson-databind/2.17.3/jackson-databind-2.17.3.jar:/Users/SKRaua/.m2/repository/com/fasterxml/jackson/core/jackson-annotations/2.17.3/jackson-annotations-2.17.3.jar:/Users/SKRaua/.m2/repository/com/fasterxml/jackson/core/jackson-core/2.17.3/jackson-core-2.17.3.jar:/Users/SKRaua/.m2/repository/com/fasterxml/jackson/datatype/jackson-datatype-jdk8/2.17.3/jackson-datatype-jdk8-2.17.3.jar:/Users/SKRaua/.m2/repository/com/fasterxml/jackson/datatype/jackson-datatype-jsr310/2.17.3/jackson-datatype-jsr310-2.17.3.jar:/Users/SKRaua/.m2/repository/com/fasterxml/jackson/module/jackson-module-parameter-names/2.17.3/jackson-module-parameter-names-2.17.3.jar:/Users/SKRaua/.m2/repository/org/springframework/boot/spring-boot-starter-tomcat/3.3.12/spring-boot-starter-tomcat-3.3.12.jar:/Users/SKRaua/.m2/repository/org/apache/tomcat/embed/tomcat-embed-core/10.1.41/tomcat-embed-core-10.1.41.jar:/Users/SKRaua/.m2/repository/org/apache/tomcat/embed/tomcat-embed-el/10.1.41/tomcat-embed-el-10.1.41.jar:/Users/SKRaua/.m2/repository/org/apache/tomcat/embed/tomcat-embed-websocket/10.1.41/tomcat-embed-websocket-10.1.41.jar:/Users/SKRaua/.m2/repository/org/springframework/spring-web/6.1.20/spring-web-6.1.20.jar:/Users/SKRaua/.m2/repository/org/springframework/spring-beans/6.1.20/spring-beans-6.1.20.jar:/Users/SKRaua/.m2/repository/io/micrometer/micrometer-observation/1.13.14/micrometer-observation-1.13.14.jar:/Users/SKRaua/.m2/repository/io/micrometer/micrometer-commons/1.13.14/micrometer-commons-1.13.14.jar:/Users/SKRaua/.m2/repository/org/springframework/spring-webmvc/6.1.20/spring-webmvc-6.1.20.jar:/Users/SKRaua/.m2/repository/org/springframework/spring-aop/6.1.20/spring-aop-6.1.20.jar:/Users/SKRaua/.m2/repository/org/springframework/spring-context/6.1.20/spring-context-6.1.20.jar:/Users/SKRaua/.m2/repository/org/springframework/spring-expression/6.1.20/spring-expression-6.1.20.jar:/Users/SKRaua/.m2/repository/org/mybatis/spring/boot/mybatis-spring-boot-starter/3.0.4/mybatis-spring-boot-starter-3.0.4.jar:/Users/SKRaua/.m2/repository/org/springframework/boot/spring-boot-starter-jdbc/3.3.12/spring-boot-starter-jdbc-3.3.12.jar:/Users/SKRaua/.m2/repository/com/zaxxer/HikariCP/5.1.0/HikariCP-5.1.0.jar:/Users/SKRaua/.m2/repository/org/springframework/spring-jdbc/6.1.20/spring-jdbc-6.1.20.jar:/Users/SKRaua/.m2/repository/org/mybatis/spring/boot/mybatis-spring-boot-autoconfigure/3.0.4/mybatis-spring-boot-autoconfigure-3.0.4.jar:/Users/SKRaua/.m2/repository/org/mybatis/mybatis/3.5.17/mybatis-3.5.17.jar:/Users/SKRaua/.m2/repository/org/mybatis/mybatis-spring/3.0.4/mybatis-spring-3.0.4.jar:/Users/SKRaua/.m2/repository/com/mysql/mysql-connector-j/8.3.0/mysql-connector-j-8.3.0.jar:/Users/SKRaua/.m2/repository/org/springframework/boot/spring-boot-starter-test/3.3.12/spring-boot-starter-test-3.3.12.jar:/Users/SKRaua/.m2/repository/org/springframework/boot/spring-boot-test/3.3.12/spring-boot-test-3.3.12.jar:/Users/SKRaua/.m2/repository/org/springframework/boot/spring-boot-test-autoconfigure/3.3.12/spring-boot-test-autoconfigure-3.3.12.jar:/Users/SKRaua/.m2/repository/com/jayway/jsonpath/json-path/2.9.0/json-path-2.9.0.jar:/Users/SKRaua/.m2/repository/org/slf4j/slf4j-api/2.0.17/slf4j-api-2.0.17.jar:/Users/SKRaua/.m2/repository/jakarta/xml/bind/jakarta.xml.bind-api/4.0.2/jakarta.xml.bind-api-4.0.2.jar:/Users/SKRaua/.m2/repository/jakarta/activation/jakarta.activation-api/2.1.3/jakarta.activation-api-2.1.3.jar:/Users/SKRaua/.m2/repository/net/minidev/json-smart/2.5.2/json-smart-2.5.2.jar:/Users/SKRaua/.m2/repository/net/minidev/accessors-smart/2.5.2/accessors-smart-2.5.2.jar:/Users/SKRaua/.m2/repository/org/ow2/asm/asm/9.7.1/asm-9.7.1.jar:/Users/SKRaua/.m2/repository/org/assertj/assertj-core/3.25.3/assertj-core-3.25.3.jar:/Users/SKRaua/.m2/repository/net/bytebuddy/byte-buddy/1.14.19/byte-buddy-1.14.19.jar:/Users/SKRaua/.m2/repository/org/awaitility/awaitility/4.2.2/awaitility-4.2.2.jar:/Users/SKRaua/.m2/repository/org/hamcrest/hamcrest/2.2/hamcrest-2.2.jar:/Users/SKRaua/.m2/repository/org/junit/jupiter/junit-jupiter/5.10.5/junit-jupiter-5.10.5.jar:/Users/SKRaua/.m2/repository/org/junit/jupiter/junit-jupiter-api/5.10.5/junit-jupiter-api-5.10.5.jar:/Users/SKRaua/.m2/repository/org/opentest4j/opentest4j/1.3.0/opentest4j-1.3.0.jar:/Users/SKRaua/.m2/repository/org/junit/platform/junit-platform-commons/1.10.5/junit-platform-commons-1.10.5.jar:/Users/SKRaua/.m2/repository/org/apiguardian/apiguardian-api/1.1.2/apiguardian-api-1.1.2.jar:/Users/SKRaua/.m2/repository/org/junit/jupiter/junit-jupiter-params/5.10.5/junit-jupiter-params-5.10.5.jar:/Users/SKRaua/.m2/repository/org/junit/jupiter/junit-jupiter-engine/5.10.5/junit-jupiter-engine-5.10.5.jar:/Users/SKRaua/.m2/repository/org/junit/platform/junit-platform-engine/1.10.5/junit-platform-engine-1.10.5.jar:/Users/SKRaua/.m2/repository/org/mockito/mockito-core/5.11.0/mockito-core-5.11.0.jar:/Users/SKRaua/.m2/repository/net/bytebuddy/byte-buddy-agent/1.14.19/byte-buddy-agent-1.14.19.jar:/Users/SKRaua/.m2/repository/org/objenesis/objenesis/3.3/objenesis-3.3.jar:/Users/SKRaua/.m2/repository/org/mockito/mockito-junit-jupiter/5.11.0/mockito-junit-jupiter-5.11.0.jar:/Users/SKRaua/.m2/repository/org/skyscreamer/jsonassert/1.5.3/jsonassert-1.5.3.jar:/Users/SKRaua/.m2/repository/com/vaadin/external/google/android-json/0.0.20131108.vaadin1/android-json-0.0.20131108.vaadin1.jar:/Users/SKRaua/.m2/repository/org/springframework/spring-core/6.1.20/spring-core-6.1.20.jar:/Users/SKRaua/.m2/repository/org/springframework/spring-jcl/6.1.20/spring-jcl-6.1.20.jar:/Users/SKRaua/.m2/repository/org/springframework/spring-test/6.1.20/spring-test-6.1.20.jar:/Users/SKRaua/.m2/repository/org/xmlunit/xmlunit-core/2.9.1/xmlunit-core-2.9.1.jar:/Users/SKRaua/.m2/repository/org/mybatis/spring/boot/mybatis-spring-boot-starter-test/3.0.4/mybatis-spring-boot-starter-test-3.0.4.jar:/Users/SKRaua/.m2/repository/org/mybatis/spring/boot/mybatis-spring-boot-test-autoconfigure/3.0.4/mybatis-spring-boot-test-autoconfigure-3.0.4.jar:/Users/SKRaua/.m2/repository/org/springframework/spring-tx/6.1.20/spring-tx-6.1.20.jar:"/>
    <property name="java.vm.vendor" value="Homebrew"/>
    <property name="sun.arch.data.model" value="64"/>
    <property name="java.vendor.url" value="https://github.com/Homebrew/homebrew-core/issues"/>
    <property name="os.name" value="Mac OS X"/>
    <property name="java.vm.specification.version" value="23"/>
    <property name="sun.java.launcher" value="SUN_STANDARD"/>
    <property name="user.country" value="CN"/>
    <property name="sun.boot.library.path" value="/opt/homebrew/Cellar/openjdk/23.0.2/libexec/openjdk.jdk/Contents/Home/lib"/>
    <property name="sun.java.command" value="/Users/SKRaua/Desktop/CODE/practice2506/demo/target/surefire/surefirebooter13261178997167604062.jar /Users/SKRaua/Desktop/CODE/practice2506/demo/target/surefire 2025-06-12T08-29-42_841-jvmRun1 surefire7211989875093890425tmp surefire_015203150930948925716tmp"/>
    <property name="http.nonProxyHosts" value="127.0.0.1|192.168.0.0/16|*.192.168.0.0/16|10.0.0.0/8|*.10.0.0.0/8|172.16.0.0/12|*.172.16.0.0/12|172.29.0.0/16|*.172.29.0.0/16|localhost|*.localhost|local|*.local|crashlytics.com|*.crashlytics.com|&lt;local&gt;|*.&lt;local&gt;"/>
    <property name="jdk.debug" value="release"/>
    <property name="surefire.test.class.path" value="/Users/SKRaua/Desktop/CODE/practice2506/demo/target/test-classes:/Users/SKRaua/Desktop/CODE/practice2506/demo/target/classes:/Users/SKRaua/.m2/repository/org/springframework/boot/spring-boot-starter-web/3.3.12/spring-boot-starter-web-3.3.12.jar:/Users/SKRaua/.m2/repository/org/springframework/boot/spring-boot-starter/3.3.12/spring-boot-starter-3.3.12.jar:/Users/SKRaua/.m2/repository/org/springframework/boot/spring-boot/3.3.12/spring-boot-3.3.12.jar:/Users/SKRaua/.m2/repository/org/springframework/boot/spring-boot-autoconfigure/3.3.12/spring-boot-autoconfigure-3.3.12.jar:/Users/SKRaua/.m2/repository/org/springframework/boot/spring-boot-starter-logging/3.3.12/spring-boot-starter-logging-3.3.12.jar:/Users/SKRaua/.m2/repository/ch/qos/logback/logback-classic/1.5.18/logback-classic-1.5.18.jar:/Users/SKRaua/.m2/repository/ch/qos/logback/logback-core/1.5.18/logback-core-1.5.18.jar:/Users/SKRaua/.m2/repository/org/apache/logging/log4j/log4j-to-slf4j/2.23.1/log4j-to-slf4j-2.23.1.jar:/Users/SKRaua/.m2/repository/org/apache/logging/log4j/log4j-api/2.23.1/log4j-api-2.23.1.jar:/Users/SKRaua/.m2/repository/org/slf4j/jul-to-slf4j/2.0.17/jul-to-slf4j-2.0.17.jar:/Users/SKRaua/.m2/repository/jakarta/annotation/jakarta.annotation-api/2.1.1/jakarta.annotation-api-2.1.1.jar:/Users/SKRaua/.m2/repository/org/yaml/snakeyaml/2.2/snakeyaml-2.2.jar:/Users/SKRaua/.m2/repository/org/springframework/boot/spring-boot-starter-json/3.3.12/spring-boot-starter-json-3.3.12.jar:/Users/SKRaua/.m2/repository/com/fasterxml/jackson/core/jackson-databind/2.17.3/jackson-databind-2.17.3.jar:/Users/SKRaua/.m2/repository/com/fasterxml/jackson/core/jackson-annotations/2.17.3/jackson-annotations-2.17.3.jar:/Users/SKRaua/.m2/repository/com/fasterxml/jackson/core/jackson-core/2.17.3/jackson-core-2.17.3.jar:/Users/SKRaua/.m2/repository/com/fasterxml/jackson/datatype/jackson-datatype-jdk8/2.17.3/jackson-datatype-jdk8-2.17.3.jar:/Users/SKRaua/.m2/repository/com/fasterxml/jackson/datatype/jackson-datatype-jsr310/2.17.3/jackson-datatype-jsr310-2.17.3.jar:/Users/SKRaua/.m2/repository/com/fasterxml/jackson/module/jackson-module-parameter-names/2.17.3/jackson-module-parameter-names-2.17.3.jar:/Users/SKRaua/.m2/repository/org/springframework/boot/spring-boot-starter-tomcat/3.3.12/spring-boot-starter-tomcat-3.3.12.jar:/Users/SKRaua/.m2/repository/org/apache/tomcat/embed/tomcat-embed-core/10.1.41/tomcat-embed-core-10.1.41.jar:/Users/SKRaua/.m2/repository/org/apache/tomcat/embed/tomcat-embed-el/10.1.41/tomcat-embed-el-10.1.41.jar:/Users/SKRaua/.m2/repository/org/apache/tomcat/embed/tomcat-embed-websocket/10.1.41/tomcat-embed-websocket-10.1.41.jar:/Users/SKRaua/.m2/repository/org/springframework/spring-web/6.1.20/spring-web-6.1.20.jar:/Users/SKRaua/.m2/repository/org/springframework/spring-beans/6.1.20/spring-beans-6.1.20.jar:/Users/SKRaua/.m2/repository/io/micrometer/micrometer-observation/1.13.14/micrometer-observation-1.13.14.jar:/Users/SKRaua/.m2/repository/io/micrometer/micrometer-commons/1.13.14/micrometer-commons-1.13.14.jar:/Users/SKRaua/.m2/repository/org/springframework/spring-webmvc/6.1.20/spring-webmvc-6.1.20.jar:/Users/SKRaua/.m2/repository/org/springframework/spring-aop/6.1.20/spring-aop-6.1.20.jar:/Users/SKRaua/.m2/repository/org/springframework/spring-context/6.1.20/spring-context-6.1.20.jar:/Users/SKRaua/.m2/repository/org/springframework/spring-expression/6.1.20/spring-expression-6.1.20.jar:/Users/SKRaua/.m2/repository/org/mybatis/spring/boot/mybatis-spring-boot-starter/3.0.4/mybatis-spring-boot-starter-3.0.4.jar:/Users/SKRaua/.m2/repository/org/springframework/boot/spring-boot-starter-jdbc/3.3.12/spring-boot-starter-jdbc-3.3.12.jar:/Users/SKRaua/.m2/repository/com/zaxxer/HikariCP/5.1.0/HikariCP-5.1.0.jar:/Users/SKRaua/.m2/repository/org/springframework/spring-jdbc/6.1.20/spring-jdbc-6.1.20.jar:/Users/SKRaua/.m2/repository/org/mybatis/spring/boot/mybatis-spring-boot-autoconfigure/3.0.4/mybatis-spring-boot-autoconfigure-3.0.4.jar:/Users/SKRaua/.m2/repository/org/mybatis/mybatis/3.5.17/mybatis-3.5.17.jar:/Users/SKRaua/.m2/repository/org/mybatis/mybatis-spring/3.0.4/mybatis-spring-3.0.4.jar:/Users/SKRaua/.m2/repository/com/mysql/mysql-connector-j/8.3.0/mysql-connector-j-8.3.0.jar:/Users/SKRaua/.m2/repository/org/springframework/boot/spring-boot-starter-test/3.3.12/spring-boot-starter-test-3.3.12.jar:/Users/SKRaua/.m2/repository/org/springframework/boot/spring-boot-test/3.3.12/spring-boot-test-3.3.12.jar:/Users/SKRaua/.m2/repository/org/springframework/boot/spring-boot-test-autoconfigure/3.3.12/spring-boot-test-autoconfigure-3.3.12.jar:/Users/SKRaua/.m2/repository/com/jayway/jsonpath/json-path/2.9.0/json-path-2.9.0.jar:/Users/SKRaua/.m2/repository/org/slf4j/slf4j-api/2.0.17/slf4j-api-2.0.17.jar:/Users/SKRaua/.m2/repository/jakarta/xml/bind/jakarta.xml.bind-api/4.0.2/jakarta.xml.bind-api-4.0.2.jar:/Users/SKRaua/.m2/repository/jakarta/activation/jakarta.activation-api/2.1.3/jakarta.activation-api-2.1.3.jar:/Users/SKRaua/.m2/repository/net/minidev/json-smart/2.5.2/json-smart-2.5.2.jar:/Users/SKRaua/.m2/repository/net/minidev/accessors-smart/2.5.2/accessors-smart-2.5.2.jar:/Users/SKRaua/.m2/repository/org/ow2/asm/asm/9.7.1/asm-9.7.1.jar:/Users/SKRaua/.m2/repository/org/assertj/assertj-core/3.25.3/assertj-core-3.25.3.jar:/Users/SKRaua/.m2/repository/net/bytebuddy/byte-buddy/1.14.19/byte-buddy-1.14.19.jar:/Users/SKRaua/.m2/repository/org/awaitility/awaitility/4.2.2/awaitility-4.2.2.jar:/Users/SKRaua/.m2/repository/org/hamcrest/hamcrest/2.2/hamcrest-2.2.jar:/Users/SKRaua/.m2/repository/org/junit/jupiter/junit-jupiter/5.10.5/junit-jupiter-5.10.5.jar:/Users/SKRaua/.m2/repository/org/junit/jupiter/junit-jupiter-api/5.10.5/junit-jupiter-api-5.10.5.jar:/Users/SKRaua/.m2/repository/org/opentest4j/opentest4j/1.3.0/opentest4j-1.3.0.jar:/Users/SKRaua/.m2/repository/org/junit/platform/junit-platform-commons/1.10.5/junit-platform-commons-1.10.5.jar:/Users/SKRaua/.m2/repository/org/apiguardian/apiguardian-api/1.1.2/apiguardian-api-1.1.2.jar:/Users/SKRaua/.m2/repository/org/junit/jupiter/junit-jupiter-params/5.10.5/junit-jupiter-params-5.10.5.jar:/Users/SKRaua/.m2/repository/org/junit/jupiter/junit-jupiter-engine/5.10.5/junit-jupiter-engine-5.10.5.jar:/Users/SKRaua/.m2/repository/org/junit/platform/junit-platform-engine/1.10.5/junit-platform-engine-1.10.5.jar:/Users/SKRaua/.m2/repository/org/mockito/mockito-core/5.11.0/mockito-core-5.11.0.jar:/Users/SKRaua/.m2/repository/net/bytebuddy/byte-buddy-agent/1.14.19/byte-buddy-agent-1.14.19.jar:/Users/SKRaua/.m2/repository/org/objenesis/objenesis/3.3/objenesis-3.3.jar:/Users/SKRaua/.m2/repository/org/mockito/mockito-junit-jupiter/5.11.0/mockito-junit-jupiter-5.11.0.jar:/Users/SKRaua/.m2/repository/org/skyscreamer/jsonassert/1.5.3/jsonassert-1.5.3.jar:/Users/SKRaua/.m2/repository/com/vaadin/external/google/android-json/0.0.20131108.vaadin1/android-json-0.0.20131108.vaadin1.jar:/Users/SKRaua/.m2/repository/org/springframework/spring-core/6.1.20/spring-core-6.1.20.jar:/Users/SKRaua/.m2/repository/org/springframework/spring-jcl/6.1.20/spring-jcl-6.1.20.jar:/Users/SKRaua/.m2/repository/org/springframework/spring-test/6.1.20/spring-test-6.1.20.jar:/Users/SKRaua/.m2/repository/org/xmlunit/xmlunit-core/2.9.1/xmlunit-core-2.9.1.jar:/Users/SKRaua/.m2/repository/org/mybatis/spring/boot/mybatis-spring-boot-starter-test/3.0.4/mybatis-spring-boot-starter-test-3.0.4.jar:/Users/SKRaua/.m2/repository/org/mybatis/spring/boot/mybatis-spring-boot-test-autoconfigure/3.0.4/mybatis-spring-boot-test-autoconfigure-3.0.4.jar:/Users/SKRaua/.m2/repository/org/springframework/spring-tx/6.1.20/spring-tx-6.1.20.jar:"/>
    <property name="sun.cpu.endian" value="little"/>
    <property name="user.home" value="/Users/SKRaua"/>
    <property name="user.language" value="zh"/>
    <property name="java.specification.vendor" value="Oracle Corporation"/>
    <property name="java.version.date" value="2025-01-21"/>
    <property name="java.home" value="/opt/homebrew/Cellar/openjdk/23.0.2/libexec/openjdk.jdk/Contents/Home"/>
    <property name="file.separator" value="/"/>
    <property name="basedir" value="/Users/SKRaua/Desktop/CODE/practice2506/demo"/>
    <property name="java.vm.compressedOopsMode" value="Zero based"/>
    <property name="line.separator" value="&#10;"/>
    <property name="java.vm.specification.vendor" value="Oracle Corporation"/>
    <property name="java.specification.name" value="Java Platform API Specification"/>
    <property name="apple.awt.application.name" value="ForkedBooter"/>
    <property name="surefire.real.class.path" value="/Users/SKRaua/Desktop/CODE/practice2506/demo/target/surefire/surefirebooter13261178997167604062.jar"/>
    <property name="user.script" value="Hans"/>
    <property name="sun.management.compiler" value="HotSpot 64-Bit Tiered Compilers"/>
    <property name="ftp.nonProxyHosts" value="127.0.0.1|192.168.0.0/16|*.192.168.0.0/16|10.0.0.0/8|*.10.0.0.0/8|172.16.0.0/12|*.172.16.0.0/12|172.29.0.0/16|*.172.29.0.0/16|localhost|*.localhost|local|*.local|crashlytics.com|*.crashlytics.com|&lt;local&gt;|*.&lt;local&gt;"/>
    <property name="java.runtime.version" value="23.0.2"/>
    <property name="user.name" value="SKRaua"/>
    <property name="stdout.encoding" value="UTF-8"/>
    <property name="path.separator" value=":"/>
    <property name="os.version" value="13.2.1"/>
    <property name="java.runtime.name" value="OpenJDK Runtime Environment"/>
    <property name="file.encoding" value="UTF-8"/>
    <property name="java.vm.name" value="OpenJDK 64-Bit Server VM"/>
    <property name="java.vendor.version" value="Homebrew"/>
    <property name="localRepository" value="/Users/SKRaua/.m2/repository"/>
    <property name="java.vendor.url.bug" value="https://github.com/Homebrew/homebrew-core/issues"/>
    <property name="java.io.tmpdir" value="/var/folders/__/78t59fk53618218n0vkk95h80000gn/T/"/>
    <property name="java.version" value="23.0.2"/>
    <property name="user.dir" value="/Users/SKRaua/Desktop/CODE/practice2506/demo"/>
    <property name="os.arch" value="aarch64"/>
    <property name="java.vm.specification.name" value="Java Virtual Machine Specification"/>
    <property name="native.encoding" value="UTF-8"/>
    <property name="java.library.path" value="/Users/SKRaua/Library/Java/Extensions:/Library/Java/Extensions:/Network/Library/Java/Extensions:/System/Library/Java/Extensions:/usr/lib/java:."/>
    <property name="java.vm.info" value="mixed mode, sharing"/>
    <property name="stderr.encoding" value="UTF-8"/>
    <property name="java.vendor" value="Homebrew"/>
    <property name="java.vm.version" value="23.0.2"/>
    <property name="sun.io.unicode.encoding" value="UnicodeBig"/>
    <property name="socksNonProxyHosts" value="127.0.0.1|192.168.0.0/16|*.192.168.0.0/16|10.0.0.0/8|*.10.0.0.0/8|172.16.0.0/12|*.172.16.0.0/12|172.29.0.0/16|*.172.29.0.0/16|localhost|*.localhost|local|*.local|crashlytics.com|*.crashlytics.com|&lt;local&gt;|*.&lt;local&gt;"/>
    <property name="java.class.version" value="67.0"/>
  </properties>
  <testcase name="userTestXML1" classname="org.example.SpMyBatisApplicationTests" time="0.987"/>
  <testcase name="userTestXML2" classname="org.example.SpMyBatisApplicationTests" time="0.015"/>
  <testcase name="userTestXML3" classname="org.example.SpMyBatisApplicationTests" time="0.008"/>
  <testcase name="userTestXML4" classname="org.example.SpMyBatisApplicationTests" time="0.009"/>
  <testcase name="userTestXML" classname="org.example.SpMyBatisApplicationTests" time="0.004"/>
  <testcase name="testJDBC" classname="org.example.SpMyBatisApplicationTests" time="0.031"/>
  <testcase name="userTest1" classname="org.example.SpMyBatisApplicationTests" time="0.004"/>
  <testcase name="userTest2" classname="org.example.SpMyBatisApplicationTests" time="0.003"/>
  <testcase name="userTest3" classname="org.example.SpMyBatisApplicationTests" time="0.003"/>
</testsuite>